[0m2021.11.06 16:21:36 INFO  Started: Metals version 0.10.9 in workspace '/Users/mxn1020/Documents/VSCode/play-101/play-rest-api-101' for client Visual Studio Code 1.61.2.[0m
[0m2021.11.06 16:21:37 INFO  time: initialize in 1.71s[0m
[0m2021.11.06 16:21:38 WARN  Build server is not auto-connectable.[0m
[0m2021.11.06 16:21:48 WARN  no build target for: /Users/mxn1020/Documents/VSCode/play-101/play-rest-api-101/app/controllers/HomeController.scala[0m
[0m2021.11.06 16:21:52 INFO  no build target: using presentation compiler with only scala-library: 3.1.0[0m
[0m2021.11.06 16:22:02 ERROR text document: file:///Users/mxn1020/Documents/VSCode/play-101/play-rest-api-101/app/controllers/HomeController.scala
java.nio.file.NoSuchFileException: /Users/mxn1020/Documents/VSCode/play-101/play-rest-api-101/app/controllers/HomeController.scala
	at sun.nio.fs.UnixException.translateToIOException(UnixException.java:92)
	at sun.nio.fs.UnixException.rethrowAsIOException(UnixException.java:106)
	at sun.nio.fs.UnixException.rethrowAsIOException(UnixException.java:111)
	at sun.nio.fs.UnixFileSystemProvider.newByteChannel(UnixFileSystemProvider.java:218)
	at java.nio.file.Files.newByteChannel(Files.java:375)
	at java.nio.file.Files.newByteChannel(Files.java:426)
	at java.nio.file.Files.readAllBytes(Files.java:3272)
	at scala.meta.internal.io.PlatformFileIO$.slurp(PlatformFileIO.scala:45)
	at scala.meta.internal.io.FileIO$.slurp(FileIO.scala:24)
	at scala.meta.internal.metals.InteractiveSemanticdbs.$anonfun$textDocument$2(InteractiveSemanticdbs.scala:88)
	at scala.Option.getOrElse(Option.scala:189)
	at scala.meta.internal.metals.InteractiveSemanticdbs.$anonfun$textDocument$1(InteractiveSemanticdbs.scala:88)
	at java.util.HashMap.compute(HashMap.java:1320)
	at java.util.Collections$SynchronizedMap.compute(Collections.java:2732)
	at scala.meta.internal.metals.InteractiveSemanticdbs.textDocument(InteractiveSemanticdbs.scala:87)
	at scala.meta.internal.metals.InteractiveSemanticdbs.textDocument(InteractiveSemanticdbs.scala:61)
	at scala.meta.internal.metals.AggregateSemanticdbs.loop$1(AggregateSemanticdbs.scala:30)
	at scala.meta.internal.metals.AggregateSemanticdbs.textDocument(AggregateSemanticdbs.scala:36)
	at scala.meta.internal.metals.CodeLensProvider.findLenses(CodeLensProvider.scala:22)
	at scala.meta.internal.metals.MetalsLanguageServer.$anonfun$codeLens$2(MetalsLanguageServer.scala:1568)
	at scala.meta.internal.metals.TimerProvider.timedThunk(TimerProvider.scala:25)
	at scala.meta.internal.metals.MetalsLanguageServer.$anonfun$codeLens$1(MetalsLanguageServer.scala:1566)
	at scala.meta.internal.metals.CancelTokens$.$anonfun$apply$2(CancelTokens.scala:26)
	at scala.concurrent.Future$.$anonfun$apply$1(Future.scala:659)
	at scala.util.Success.$anonfun$map$1(Try.scala:255)
	at scala.util.Success.map(Try.scala:213)
	at scala.concurrent.Future.$anonfun$map$1(Future.scala:292)
	at scala.concurrent.impl.Promise.liftedTree1$1(Promise.scala:33)
	at scala.concurrent.impl.Promise.$anonfun$transform$1(Promise.scala:33)
	at scala.concurrent.impl.CallbackRunnable.run(Promise.scala:64)
	at java.util.concurrent.ThreadPoolExecutor.runWorker(ThreadPoolExecutor.java:1130)
	at java.util.concurrent.ThreadPoolExecutor$Worker.run(ThreadPoolExecutor.java:630)
	at java.lang.Thread.run(Thread.java:832)
[0m
[0m2021.11.06 16:22:02 INFO  time: code lens generation in 14s[0m
[0m2021.11.06 16:24:17 WARN  no build target for: /Users/mxn1020/Documents/VSCode/play-101/play-rest-api-101/app/controllers/BaseController.scala[0m
[0m2021.11.06 16:26:00 WARN  no build target for: /Users/mxn1020/Documents/VSCode/play-101/play-rest-api-101/app/controllers/ToDoListController.scala[0m
[0m2021.11.06 16:26:38 WARN  no build target for: /Users/mxn1020/Documents/VSCode/play-101/play-rest-api-101/app/controllers/ToDoListController.scala[0m
[0m2021.11.06 16:26:38 WARN  no build target for: /Users/mxn1020/Documents/VSCode/play-101/play-rest-api-101/app/controllers/ToDoListController.scala[0m
[0m2021.11.06 16:26:39 WARN  no build target for: /Users/mxn1020/Documents/VSCode/play-101/play-rest-api-101/app/controllers/ToDoListController.scala[0m
[0m2021.11.06 16:26:39 WARN  no build target for: /Users/mxn1020/Documents/VSCode/play-101/play-rest-api-101/app/controllers/ToDoListController.scala[0m
[0m2021.11.06 16:26:39 WARN  no build target for: /Users/mxn1020/Documents/VSCode/play-101/play-rest-api-101/app/controllers/ToDoListController.scala[0m
[0m2021.11.06 16:26:40 WARN  no build target for: /Users/mxn1020/Documents/VSCode/play-101/play-rest-api-101/app/controllers/ToDoListController.scala[0m
[0m2021.11.06 16:26:40 WARN  no build target for: /Users/mxn1020/Documents/VSCode/play-101/play-rest-api-101/app/controllers/ToDoListController.scala[0m
[0m2021.11.06 16:26:40 WARN  no build target for: /Users/mxn1020/Documents/VSCode/play-101/play-rest-api-101/app/controllers/ToDoListController.scala[0m
[0m2021.11.06 16:27:38 WARN  no build target for: /Users/mxn1020/Documents/VSCode/play-101/play-rest-api-101/app/controllers/ToDoListController.scala[0m
[0m2021.11.06 16:27:38 WARN  no build target for: /Users/mxn1020/Documents/VSCode/play-101/play-rest-api-101/app/controllers/ToDoListController.scala[0m
[0m2021.11.06 16:28:50 WARN  no build target for: /Users/mxn1020/Documents/VSCode/play-101/play-rest-api-101/project/plugins.sbt[0m
Nov 06, 2021 4:28:51 PM org.eclipse.lsp4j.jsonrpc.RemoteEndpoint handleCancellation
WARNING: Unmatched cancel notification for request id 476
[0m2021.11.06 16:33:13 WARN  no build target for: /Users/mxn1020/Documents/VSCode/play-101/play-rest-api-101/app/controllers/ToDoListController.scala[0m
[0m2021.11.06 16:33:13 WARN  no build target for: /Users/mxn1020/Documents/VSCode/play-101/play-rest-api-101/app/controllers/ToDoListController.scala[0m
[0m2021.11.06 16:33:13 WARN  no build target for: /Users/mxn1020/Documents/VSCode/play-101/play-rest-api-101/app/controllers/ToDoListController.scala[0m
[0m2021.11.06 16:33:16 WARN  no build target for: /Users/mxn1020/Documents/VSCode/play-101/play-rest-api-101/app/controllers/ToDoListController.scala[0m
[0m2021.11.06 16:33:17 WARN  no build target for: /Users/mxn1020/Documents/VSCode/play-101/play-rest-api-101/app/controllers/ToDoListController.scala[0m
[0m2021.11.06 16:33:37 WARN  no build target for: /Users/mxn1020/Documents/VSCode/play-101/play-rest-api-101/app/controllers/ToDoListController.scala[0m
[0m2021.11.06 16:33:37 WARN  no build target for: /Users/mxn1020/Documents/VSCode/play-101/play-rest-api-101/app/controllers/ToDoListController.scala[0m
[0m2021.11.06 16:33:37 WARN  no build target for: /Users/mxn1020/Documents/VSCode/play-101/play-rest-api-101/app/controllers/ToDoListController.scala[0m
[0m2021.11.06 16:33:39 WARN  no build target for: /Users/mxn1020/Documents/VSCode/play-101/play-rest-api-101/app/controllers/ToDoListController.scala[0m
[0m2021.11.06 16:33:39 WARN  no build target for: /Users/mxn1020/Documents/VSCode/play-101/play-rest-api-101/app/controllers/ToDoListController.scala[0m
[0m2021.11.06 16:34:01 WARN  no build target for: /Users/mxn1020/Documents/VSCode/play-101/play-rest-api-101/app/controllers/ToDoListController.scala[0m
[0m2021.11.06 16:34:01 WARN  no build target for: /Users/mxn1020/Documents/VSCode/play-101/play-rest-api-101/app/controllers/ToDoListController.scala[0m
[0m2021.11.06 16:34:02 WARN  no build target for: /Users/mxn1020/Documents/VSCode/play-101/play-rest-api-101/app/controllers/ToDoListController.scala[0m
[0m2021.11.06 16:34:02 WARN  no build target for: /Users/mxn1020/Documents/VSCode/play-101/play-rest-api-101/app/controllers/ToDoListController.scala[0m
[0m2021.11.06 16:34:03 WARN  no build target for: /Users/mxn1020/Documents/VSCode/play-101/play-rest-api-101/app/controllers/ToDoListController.scala[0m
[0m2021.11.06 16:35:42 WARN  no build target for: /Users/mxn1020/Documents/VSCode/play-101/play-rest-api-101/app/controllers/ToDoListController.scala[0m
[0m2021.11.06 16:35:42 WARN  no build target for: /Users/mxn1020/Documents/VSCode/play-101/play-rest-api-101/app/controllers/ToDoListController.scala[0m
[0m2021.11.06 16:35:44 WARN  no build target for: /Users/mxn1020/Documents/VSCode/play-101/play-rest-api-101/app/controllers/ToDoListController.scala[0m
[0m2021.11.06 16:35:44 WARN  no build target for: /Users/mxn1020/Documents/VSCode/play-101/play-rest-api-101/app/controllers/ToDoListController.scala[0m
[0m2021.11.06 16:35:44 WARN  no build target for: /Users/mxn1020/Documents/VSCode/play-101/play-rest-api-101/app/controllers/ToDoListController.scala[0m
[0m2021.11.06 16:35:45 WARN  no build target for: /Users/mxn1020/Documents/VSCode/play-101/play-rest-api-101/app/controllers/ToDoListController.scala[0m
[0m2021.11.06 16:35:45 WARN  no build target for: /Users/mxn1020/Documents/VSCode/play-101/play-rest-api-101/app/controllers/ToDoListController.scala[0m
[0m2021.11.06 16:35:47 WARN  no build target for: /Users/mxn1020/Documents/VSCode/play-101/play-rest-api-101/app/controllers/ToDoListController.scala[0m
[0m2021.11.06 16:35:47 WARN  no build target for: /Users/mxn1020/Documents/VSCode/play-101/play-rest-api-101/app/controllers/ToDoListController.scala[0m
[0m2021.11.06 16:36:30 WARN  no build target for: /Users/mxn1020/Documents/VSCode/play-101/play-rest-api-101/app/controllers/ToDoListController.scala[0m
[0m2021.11.06 16:36:30 WARN  no build target for: /Users/mxn1020/Documents/VSCode/play-101/play-rest-api-101/app/controllers/ToDoListController.scala[0m
[0m2021.11.06 16:36:34 WARN  no build target for: /Users/mxn1020/Documents/VSCode/play-101/play-rest-api-101/app/controllers/ToDoListController.scala[0m
[0m2021.11.06 16:36:34 WARN  no build target for: /Users/mxn1020/Documents/VSCode/play-101/play-rest-api-101/app/controllers/ToDoListController.scala[0m
[0m2021.11.06 16:36:34 WARN  no build target for: /Users/mxn1020/Documents/VSCode/play-101/play-rest-api-101/app/controllers/ToDoListController.scala[0m
[0m2021.11.06 16:36:40 WARN  no build target for: /Users/mxn1020/Documents/VSCode/play-101/play-rest-api-101/app/controllers/ToDoListController.scala[0m
[0m2021.11.06 16:36:40 WARN  no build target for: /Users/mxn1020/Documents/VSCode/play-101/play-rest-api-101/app/controllers/ToDoListController.scala[0m
[0m2021.11.06 16:37:20 WARN  no build target for: /Users/mxn1020/Documents/VSCode/play-101/play-rest-api-101/app/controllers/ToDoListController.scala[0m
[0m2021.11.06 16:37:20 WARN  no build target for: /Users/mxn1020/Documents/VSCode/play-101/play-rest-api-101/app/controllers/ToDoListController.scala[0m
[0m2021.11.06 16:37:20 WARN  no build target for: /Users/mxn1020/Documents/VSCode/play-101/play-rest-api-101/app/controllers/ToDoListController.scala[0m
[0m2021.11.06 16:37:22 WARN  no build target for: /Users/mxn1020/Documents/VSCode/play-101/play-rest-api-101/app/controllers/ToDoListController.scala[0m
[0m2021.11.06 16:37:24 WARN  no build target for: /Users/mxn1020/Documents/VSCode/play-101/play-rest-api-101/app/controllers/ToDoListController.scala[0m
[0m2021.11.06 16:37:24 WARN  no build target for: /Users/mxn1020/Documents/VSCode/play-101/play-rest-api-101/app/controllers/ToDoListController.scala[0m
[0m2021.11.06 16:37:26 WARN  no build target for: /Users/mxn1020/Documents/VSCode/play-101/play-rest-api-101/app/controllers/ToDoListController.scala[0m
[0m2021.11.06 16:37:33 WARN  no build target for: /Users/mxn1020/Documents/VSCode/play-101/play-rest-api-101/app/controllers/ToDoListController.scala[0m
[0m2021.11.06 16:37:33 WARN  no build target for: /Users/mxn1020/Documents/VSCode/play-101/play-rest-api-101/app/controllers/ToDoListController.scala[0m
[0m2021.11.06 16:37:33 WARN  no build target for: /Users/mxn1020/Documents/VSCode/play-101/play-rest-api-101/app/controllers/ToDoListController.scala[0m
[0m2021.11.06 16:37:35 WARN  no build target for: /Users/mxn1020/Documents/VSCode/play-101/play-rest-api-101/app/controllers/ToDoListController.scala[0m
[0m2021.11.06 16:37:35 WARN  no build target for: /Users/mxn1020/Documents/VSCode/play-101/play-rest-api-101/app/controllers/ToDoListController.scala[0m
[0m2021.11.06 16:37:50 WARN  no build target for: /Users/mxn1020/Documents/VSCode/play-101/play-rest-api-101/app/controllers/ToDoListController.scala[0m
[0m2021.11.06 16:37:50 WARN  no build target for: /Users/mxn1020/Documents/VSCode/play-101/play-rest-api-101/app/controllers/ToDoListController.scala[0m
[0m2021.11.06 16:37:50 WARN  no build target for: /Users/mxn1020/Documents/VSCode/play-101/play-rest-api-101/app/controllers/ToDoListController.scala[0m
[0m2021.11.06 16:37:52 WARN  no build target for: /Users/mxn1020/Documents/VSCode/play-101/play-rest-api-101/app/controllers/ToDoListController.scala[0m
[0m2021.11.06 16:37:52 WARN  no build target for: /Users/mxn1020/Documents/VSCode/play-101/play-rest-api-101/app/controllers/ToDoListController.scala[0m
[0m2021.11.06 16:37:52 WARN  no build target for: /Users/mxn1020/Documents/VSCode/play-101/play-rest-api-101/app/controllers/ToDoListController.scala[0m
[0m2021.11.06 16:37:53 WARN  no build target for: /Users/mxn1020/Documents/VSCode/play-101/play-rest-api-101/app/controllers/ToDoListController.scala[0m
[0m2021.11.06 16:37:53 WARN  no build target for: /Users/mxn1020/Documents/VSCode/play-101/play-rest-api-101/app/controllers/ToDoListController.scala[0m
[0m2021.11.06 16:38:38 WARN  no build target for: /Users/mxn1020/Documents/VSCode/play-101/play-rest-api-101/app/controllers/ToDoListController.scala[0m
[0m2021.11.06 16:38:38 WARN  no build target for: /Users/mxn1020/Documents/VSCode/play-101/play-rest-api-101/app/controllers/ToDoListController.scala[0m
[0m2021.11.06 16:38:38 WARN  no build target for: /Users/mxn1020/Documents/VSCode/play-101/play-rest-api-101/app/controllers/ToDoListController.scala[0m
[0m2021.11.06 16:38:39 WARN  no build target for: /Users/mxn1020/Documents/VSCode/play-101/play-rest-api-101/app/controllers/ToDoListController.scala[0m
[0m2021.11.06 16:38:39 WARN  no build target for: /Users/mxn1020/Documents/VSCode/play-101/play-rest-api-101/app/controllers/ToDoListController.scala[0m
[0m2021.11.06 16:38:50 WARN  no build target for: /Users/mxn1020/Documents/VSCode/play-101/play-rest-api-101/app/controllers/ToDoListController.scala[0m
[0m2021.11.06 16:38:50 WARN  no build target for: /Users/mxn1020/Documents/VSCode/play-101/play-rest-api-101/app/controllers/ToDoListController.scala[0m
[0m2021.11.06 16:38:50 WARN  no build target for: /Users/mxn1020/Documents/VSCode/play-101/play-rest-api-101/app/controllers/ToDoListController.scala[0m
[0m2021.11.06 16:38:51 WARN  no build target for: /Users/mxn1020/Documents/VSCode/play-101/play-rest-api-101/app/controllers/ToDoListController.scala[0m
[0m2021.11.06 16:40:33 WARN  no build target for: /Users/mxn1020/Documents/VSCode/play-101/play-rest-api-101/app/controllers/ToDoListController.scala[0m
[0m2021.11.06 16:40:33 WARN  no build target for: /Users/mxn1020/Documents/VSCode/play-101/play-rest-api-101/app/controllers/ToDoListController.scala[0m
[0m2021.11.06 16:40:34 WARN  no build target for: /Users/mxn1020/Documents/VSCode/play-101/play-rest-api-101/app/controllers/ToDoListController.scala[0m
[0m2021.11.06 16:44:12 WARN  no build target for: /Users/mxn1020/Documents/VSCode/play-101/play-rest-api-101/app/models/TodoListItem.scala[0m
Nov 06, 2021 4:44:12 PM org.eclipse.lsp4j.jsonrpc.RemoteEndpoint handleCancellation
WARNING: Unmatched cancel notification for request id 780
[0m2021.11.06 16:55:04 WARN  no build target for: /Users/mxn1020/Documents/VSCode/play-101/play-rest-api-101/app/models/TodoListItem.scala[0m
[0m2021.11.06 16:55:04 WARN  no build target for: /Users/mxn1020/Documents/VSCode/play-101/play-rest-api-101/app/models/TodoListItem.scala[0m
[0m2021.11.06 16:55:04 WARN  no build target for: /Users/mxn1020/Documents/VSCode/play-101/play-rest-api-101/app/models/TodoListItem.scala[0m
[0m2021.11.06 16:55:06 WARN  no build target for: /Users/mxn1020/Documents/VSCode/play-101/play-rest-api-101/app/models/TodoListItem.scala[0m
[0m2021.11.06 16:55:06 WARN  no build target for: /Users/mxn1020/Documents/VSCode/play-101/play-rest-api-101/app/models/TodoListItem.scala[0m
[0m2021.11.06 16:55:07 WARN  no build target for: /Users/mxn1020/Documents/VSCode/play-101/play-rest-api-101/app/models/TodoListItem.scala[0m
[0m2021.11.06 16:55:07 WARN  no build target for: /Users/mxn1020/Documents/VSCode/play-101/play-rest-api-101/app/models/TodoListItem.scala[0m
[0m2021.11.06 16:55:25 WARN  no build target for: /Users/mxn1020/Documents/VSCode/play-101/play-rest-api-101/app/models/TodoListItem.scala[0m
[0m2021.11.06 16:55:27 WARN  no build target for: /Users/mxn1020/Documents/VSCode/play-101/play-rest-api-101/app/models/TodoListItem.scala[0m
Nov 06, 2021 4:55:27 PM org.eclipse.lsp4j.jsonrpc.RemoteEndpoint handleCancellation
WARNING: Unmatched cancel notification for request id 904
[0m2021.11.06 16:57:03 WARN  no build target for: /Users/mxn1020/Documents/VSCode/play-101/play-rest-api-101/app/controllers/ToDoListController.scala[0m
[0m2021.11.06 16:57:03 WARN  no build target for: /Users/mxn1020/Documents/VSCode/play-101/play-rest-api-101/app/controllers/ToDoListController.scala[0m
[0m2021.11.06 16:57:03 WARN  no build target for: /Users/mxn1020/Documents/VSCode/play-101/play-rest-api-101/app/controllers/ToDoListController.scala[0m
[0m2021.11.06 16:57:05 WARN  no build target for: /Users/mxn1020/Documents/VSCode/play-101/play-rest-api-101/app/controllers/ToDoListController.scala[0m
[0m2021.11.06 16:57:05 WARN  no build target for: /Users/mxn1020/Documents/VSCode/play-101/play-rest-api-101/app/controllers/ToDoListController.scala[0m
[0m2021.11.06 16:57:05 WARN  no build target for: /Users/mxn1020/Documents/VSCode/play-101/play-rest-api-101/app/controllers/ToDoListController.scala[0m
[0m2021.11.06 16:57:15 WARN  no build target for: /Users/mxn1020/Documents/VSCode/play-101/play-rest-api-101/app/controllers/ToDoListController.scala[0m
[0m2021.11.06 16:57:15 WARN  no build target for: /Users/mxn1020/Documents/VSCode/play-101/play-rest-api-101/app/controllers/ToDoListController.scala[0m
[0m2021.11.06 16:58:14 WARN  no build target for: /Users/mxn1020/Documents/VSCode/play-101/play-rest-api-101/app/controllers/ToDoListController.scala[0m
[0m2021.11.06 16:58:14 WARN  no build target for: /Users/mxn1020/Documents/VSCode/play-101/play-rest-api-101/app/controllers/ToDoListController.scala[0m
[0m2021.11.06 16:58:14 WARN  no build target for: /Users/mxn1020/Documents/VSCode/play-101/play-rest-api-101/app/controllers/ToDoListController.scala[0m
[0m2021.11.06 16:58:15 WARN  no build target for: /Users/mxn1020/Documents/VSCode/play-101/play-rest-api-101/app/controllers/ToDoListController.scala[0m
[0m2021.11.06 16:58:15 WARN  no build target for: /Users/mxn1020/Documents/VSCode/play-101/play-rest-api-101/app/controllers/ToDoListController.scala[0m
[0m2021.11.06 16:59:46 WARN  no build target for: /Users/mxn1020/Documents/VSCode/play-101/play-rest-api-101/app/controllers/ToDoListController.scala[0m
[0m2021.11.06 16:59:46 WARN  no build target for: /Users/mxn1020/Documents/VSCode/play-101/play-rest-api-101/app/controllers/ToDoListController.scala[0m
[0m2021.11.06 16:59:46 WARN  no build target for: /Users/mxn1020/Documents/VSCode/play-101/play-rest-api-101/app/controllers/ToDoListController.scala[0m
[0m2021.11.06 16:59:47 WARN  no build target for: /Users/mxn1020/Documents/VSCode/play-101/play-rest-api-101/app/controllers/ToDoListController.scala[0m
[0m2021.11.06 16:59:47 WARN  no build target for: /Users/mxn1020/Documents/VSCode/play-101/play-rest-api-101/app/controllers/ToDoListController.scala[0m
[0m2021.11.06 16:59:47 WARN  no build target for: /Users/mxn1020/Documents/VSCode/play-101/play-rest-api-101/app/controllers/ToDoListController.scala[0m
[0m2021.11.06 17:00:07 WARN  no build target for: /Users/mxn1020/Documents/VSCode/play-101/play-rest-api-101/app/controllers/ToDoListController.scala[0m
[0m2021.11.06 17:00:07 WARN  no build target for: /Users/mxn1020/Documents/VSCode/play-101/play-rest-api-101/app/controllers/ToDoListController.scala[0m
[0m2021.11.06 17:00:07 WARN  no build target for: /Users/mxn1020/Documents/VSCode/play-101/play-rest-api-101/app/controllers/ToDoListController.scala[0m
[0m2021.11.06 17:00:08 WARN  no build target for: /Users/mxn1020/Documents/VSCode/play-101/play-rest-api-101/app/controllers/ToDoListController.scala[0m
[0m2021.11.06 17:00:08 WARN  no build target for: /Users/mxn1020/Documents/VSCode/play-101/play-rest-api-101/app/controllers/ToDoListController.scala[0m
Nov 06, 2021 5:00:47 PM org.eclipse.lsp4j.jsonrpc.RemoteEndpoint handleCancellation
WARNING: Unmatched cancel notification for request id 1281
[0m2021.11.06 17:00:50 WARN  no build target for: /Users/mxn1020/Documents/VSCode/play-101/play-rest-api-101/app/models/TodoListItem.scala[0m
[0m2021.11.06 17:00:50 WARN  no build target for: /Users/mxn1020/Documents/VSCode/play-101/play-rest-api-101/app/models/TodoListItem.scala[0m
[0m2021.11.06 17:00:50 WARN  no build target for: /Users/mxn1020/Documents/VSCode/play-101/play-rest-api-101/app/models/TodoListItem.scala[0m
[0m2021.11.06 17:00:51 WARN  no build target for: /Users/mxn1020/Documents/VSCode/play-101/play-rest-api-101/app/models/TodoListItem.scala[0m
[0m2021.11.06 17:00:51 WARN  no build target for: /Users/mxn1020/Documents/VSCode/play-101/play-rest-api-101/app/models/TodoListItem.scala[0m
[0m2021.11.06 17:00:51 WARN  no build target for: /Users/mxn1020/Documents/VSCode/play-101/play-rest-api-101/app/models/TodoListItem.scala[0m
[0m2021.11.06 17:00:51 WARN  no build target for: /Users/mxn1020/Documents/VSCode/play-101/play-rest-api-101/app/models/TodoListItem.scala[0m
Nov 06, 2021 5:01:14 PM org.eclipse.lsp4j.jsonrpc.RemoteEndpoint handleCancellation
WARNING: Unmatched cancel notification for request id 1303
[0m2021.11.06 17:01:22 WARN  no build target for: /Users/mxn1020/Documents/VSCode/play-101/play-rest-api-101/app/controllers/ToDoListController.scala[0m
[0m2021.11.06 17:01:22 WARN  no build target for: /Users/mxn1020/Documents/VSCode/play-101/play-rest-api-101/app/controllers/ToDoListController.scala[0m
[0m2021.11.06 17:01:22 WARN  no build target for: /Users/mxn1020/Documents/VSCode/play-101/play-rest-api-101/app/controllers/ToDoListController.scala[0m
[0m2021.11.06 17:01:24 WARN  no build target for: /Users/mxn1020/Documents/VSCode/play-101/play-rest-api-101/app/controllers/ToDoListController.scala[0m
[0m2021.11.06 17:01:24 WARN  no build target for: /Users/mxn1020/Documents/VSCode/play-101/play-rest-api-101/app/controllers/ToDoListController.scala[0m
[0m2021.11.06 17:02:57 WARN  no build target for: /Users/mxn1020/Documents/VSCode/play-101/play-rest-api-101/app/controllers/ToDoListController.scala[0m
[0m2021.11.06 17:02:57 WARN  no build target for: /Users/mxn1020/Documents/VSCode/play-101/play-rest-api-101/app/controllers/ToDoListController.scala[0m
[0m2021.11.06 17:02:57 WARN  no build target for: /Users/mxn1020/Documents/VSCode/play-101/play-rest-api-101/app/controllers/ToDoListController.scala[0m
[0m2021.11.06 17:03:05 WARN  no build target for: /Users/mxn1020/Documents/VSCode/play-101/play-rest-api-101/app/controllers/ToDoListController.scala[0m
[0m2021.11.06 17:03:05 WARN  no build target for: /Users/mxn1020/Documents/VSCode/play-101/play-rest-api-101/app/controllers/ToDoListController.scala[0m
[0m2021.11.06 17:03:06 WARN  no build target for: /Users/mxn1020/Documents/VSCode/play-101/play-rest-api-101/app/controllers/ToDoListController.scala[0m
[0m2021.11.06 17:03:06 WARN  no build target for: /Users/mxn1020/Documents/VSCode/play-101/play-rest-api-101/app/controllers/ToDoListController.scala[0m
[0m2021.11.06 17:03:09 WARN  no build target for: /Users/mxn1020/Documents/VSCode/play-101/play-rest-api-101/app/controllers/ToDoListController.scala[0m
[0m2021.11.06 17:03:09 WARN  no build target for: /Users/mxn1020/Documents/VSCode/play-101/play-rest-api-101/app/controllers/ToDoListController.scala[0m
[0m2021.11.06 17:03:09 WARN  no build target for: /Users/mxn1020/Documents/VSCode/play-101/play-rest-api-101/app/controllers/ToDoListController.scala[0m
[0m2021.11.06 17:03:10 WARN  no build target for: /Users/mxn1020/Documents/VSCode/play-101/play-rest-api-101/app/controllers/ToDoListController.scala[0m
[0m2021.11.06 17:03:10 WARN  no build target for: /Users/mxn1020/Documents/VSCode/play-101/play-rest-api-101/app/controllers/ToDoListController.scala[0m
[0m2021.11.06 17:03:10 WARN  no build target for: /Users/mxn1020/Documents/VSCode/play-101/play-rest-api-101/app/controllers/ToDoListController.scala[0m
[0m2021.11.06 17:04:08 WARN  no build target for: /Users/mxn1020/Documents/VSCode/play-101/play-rest-api-101/app/controllers/ToDoListController.scala[0m
[0m2021.11.06 17:04:08 WARN  no build target for: /Users/mxn1020/Documents/VSCode/play-101/play-rest-api-101/app/controllers/ToDoListController.scala[0m
[0m2021.11.06 17:04:08 WARN  no build target for: /Users/mxn1020/Documents/VSCode/play-101/play-rest-api-101/app/controllers/ToDoListController.scala[0m
[0m2021.11.06 17:04:09 WARN  no build target for: /Users/mxn1020/Documents/VSCode/play-101/play-rest-api-101/app/controllers/ToDoListController.scala[0m
[0m2021.11.06 17:04:13 WARN  no build target for: /Users/mxn1020/Documents/VSCode/play-101/play-rest-api-101/app/controllers/ToDoListController.scala[0m
[0m2021.11.06 17:04:13 WARN  no build target for: /Users/mxn1020/Documents/VSCode/play-101/play-rest-api-101/app/controllers/ToDoListController.scala[0m
[0m2021.11.06 17:04:15 WARN  no build target for: /Users/mxn1020/Documents/VSCode/play-101/play-rest-api-101/app/controllers/ToDoListController.scala[0m
[0m2021.11.06 17:04:15 WARN  no build target for: /Users/mxn1020/Documents/VSCode/play-101/play-rest-api-101/app/controllers/ToDoListController.scala[0m
[0m2021.11.06 17:04:17 WARN  no build target for: /Users/mxn1020/Documents/VSCode/play-101/play-rest-api-101/app/controllers/ToDoListController.scala[0m
[0m2021.11.06 17:04:17 WARN  no build target for: /Users/mxn1020/Documents/VSCode/play-101/play-rest-api-101/app/controllers/ToDoListController.scala[0m
Nov 06, 2021 5:04:36 PM org.eclipse.lsp4j.jsonrpc.RemoteEndpoint fallbackResponseError
SEVERE: Internal error: java.lang.reflect.InvocationTargetException
java.lang.RuntimeException: java.lang.reflect.InvocationTargetException
	at org.eclipse.lsp4j.jsonrpc.services.GenericEndpoint.lambda$null$0(GenericEndpoint.java:67)
	at org.eclipse.lsp4j.jsonrpc.services.GenericEndpoint.request(GenericEndpoint.java:120)
	at org.eclipse.lsp4j.jsonrpc.RemoteEndpoint.handleRequest(RemoteEndpoint.java:261)
	at org.eclipse.lsp4j.jsonrpc.RemoteEndpoint.consume(RemoteEndpoint.java:190)
	at org.eclipse.lsp4j.jsonrpc.json.StreamMessageProducer.handleMessage(StreamMessageProducer.java:194)
	at org.eclipse.lsp4j.jsonrpc.json.StreamMessageProducer.listen(StreamMessageProducer.java:94)
	at org.eclipse.lsp4j.jsonrpc.json.ConcurrentMessageProcessor.run(ConcurrentMessageProcessor.java:113)
	at java.base/java.util.concurrent.Executors$RunnableAdapter.call(Executors.java:515)
	at java.base/java.util.concurrent.FutureTask.run(FutureTask.java:264)
	at java.base/java.util.concurrent.ThreadPoolExecutor.runWorker(ThreadPoolExecutor.java:1130)
	at java.base/java.util.concurrent.ThreadPoolExecutor$Worker.run(ThreadPoolExecutor.java:630)
	at java.base/java.lang.Thread.run(Thread.java:832)
Caused by: java.lang.reflect.InvocationTargetException
	at jdk.internal.reflect.GeneratedMethodAccessor1.invoke(Unknown Source)
	at java.base/jdk.internal.reflect.DelegatingMethodAccessorImpl.invoke(DelegatingMethodAccessorImpl.java:43)
	at java.base/java.lang.reflect.Method.invoke(Method.java:564)
	at org.eclipse.lsp4j.jsonrpc.services.GenericEndpoint.lambda$null$0(GenericEndpoint.java:65)
	... 11 more
Caused by: java.lang.IllegalArgumentException: 21 is not a valid line number, allowed [0..19]
	at scala.meta.internal.inputs.InternalInput.lineToOffset(InternalInput.scala:37)
	at scala.meta.internal.inputs.InternalInput.lineToOffset$(InternalInput.scala:32)
	at scala.meta.inputs.Input$VirtualFile.lineToOffset(Input.scala:80)
	at scala.meta.inputs.Position$Range$.apply(Position.scala:59)
	at scala.meta.internal.mtags.MtagsEnrichments$XtensionPositionLspInverse.toMeta(MtagsEnrichments.scala:133)
	at scala.meta.internal.parsing.Trees.$anonfun$findLastEnclosingAt$4(Trees.scala:77)
	at scala.Option.flatMap(Option.scala:271)
	at scala.meta.internal.parsing.Trees.findLastEnclosingAt(Trees.scala:76)
	at scala.meta.internal.metals.codeactions.PatternMatchRefactor.contribute(PatternMatchRefactor.scala:96)
	at scala.meta.internal.metals.CodeActionProvider$$anonfun$1.applyOrElse(CodeActionProvider.scala:62)
	at scala.meta.internal.metals.CodeActionProvider$$anonfun$1.applyOrElse(CodeActionProvider.scala:61)
	at scala.collection.immutable.List.collect(List.scala:323)
	at scala.meta.internal.metals.CodeActionProvider.codeActions(CodeActionProvider.scala:61)
	at scala.meta.internal.metals.MetalsLanguageServer.$anonfun$codeAction$1(MetalsLanguageServer.scala:1555)
	at scala.meta.internal.metals.CancelTokens$.future(CancelTokens.scala:38)
	at scala.meta.internal.metals.MetalsLanguageServer.codeAction(MetalsLanguageServer.scala:1554)
	... 15 more

Nov 06, 2021 5:04:37 PM org.eclipse.lsp4j.jsonrpc.RemoteEndpoint fallbackResponseError
SEVERE: Internal error: java.lang.reflect.InvocationTargetException
java.lang.RuntimeException: java.lang.reflect.InvocationTargetException
	at org.eclipse.lsp4j.jsonrpc.services.GenericEndpoint.lambda$null$0(GenericEndpoint.java:67)
	at org.eclipse.lsp4j.jsonrpc.services.GenericEndpoint.request(GenericEndpoint.java:120)
	at org.eclipse.lsp4j.jsonrpc.RemoteEndpoint.handleRequest(RemoteEndpoint.java:261)
	at org.eclipse.lsp4j.jsonrpc.RemoteEndpoint.consume(RemoteEndpoint.java:190)
	at org.eclipse.lsp4j.jsonrpc.json.StreamMessageProducer.handleMessage(StreamMessageProducer.java:194)
	at org.eclipse.lsp4j.jsonrpc.json.StreamMessageProducer.listen(StreamMessageProducer.java:94)
	at org.eclipse.lsp4j.jsonrpc.json.ConcurrentMessageProcessor.run(ConcurrentMessageProcessor.java:113)
	at java.base/java.util.concurrent.Executors$RunnableAdapter.call(Executors.java:515)
	at java.base/java.util.concurrent.FutureTask.run(FutureTask.java:264)
	at java.base/java.util.concurrent.ThreadPoolExecutor.runWorker(ThreadPoolExecutor.java:1130)
	at java.base/java.util.concurrent.ThreadPoolExecutor$Worker.run(ThreadPoolExecutor.java:630)
	at java.base/java.lang.Thread.run(Thread.java:832)
Caused by: java.lang.reflect.InvocationTargetException
	at jdk.internal.reflect.GeneratedMethodAccessor1.invoke(Unknown Source)
	at java.base/jdk.internal.reflect.DelegatingMethodAccessorImpl.invoke(DelegatingMethodAccessorImpl.java:43)
	at java.base/java.lang.reflect.Method.invoke(Method.java:564)
	at org.eclipse.lsp4j.jsonrpc.services.GenericEndpoint.lambda$null$0(GenericEndpoint.java:65)
	... 11 more
Caused by: java.lang.IllegalArgumentException: 21 is not a valid line number, allowed [0..19]
	at scala.meta.internal.inputs.InternalInput.lineToOffset(InternalInput.scala:37)
	at scala.meta.internal.inputs.InternalInput.lineToOffset$(InternalInput.scala:32)
	at scala.meta.inputs.Input$VirtualFile.lineToOffset(Input.scala:80)
	at scala.meta.inputs.Position$Range$.apply(Position.scala:59)
	at scala.meta.internal.mtags.MtagsEnrichments$XtensionPositionLspInverse.toMeta(MtagsEnrichments.scala:133)
	at scala.meta.internal.parsing.Trees.$anonfun$findLastEnclosingAt$4(Trees.scala:77)
	at scala.Option.flatMap(Option.scala:271)
	at scala.meta.internal.parsing.Trees.findLastEnclosingAt(Trees.scala:76)
	at scala.meta.internal.metals.codeactions.PatternMatchRefactor.contribute(PatternMatchRefactor.scala:96)
	at scala.meta.internal.metals.CodeActionProvider$$anonfun$1.applyOrElse(CodeActionProvider.scala:62)
	at scala.meta.internal.metals.CodeActionProvider$$anonfun$1.applyOrElse(CodeActionProvider.scala:61)
	at scala.collection.immutable.List.collect(List.scala:323)
	at scala.meta.internal.metals.CodeActionProvider.codeActions(CodeActionProvider.scala:61)
	at scala.meta.internal.metals.MetalsLanguageServer.$anonfun$codeAction$1(MetalsLanguageServer.scala:1555)
	at scala.meta.internal.metals.CancelTokens$.future(CancelTokens.scala:38)
	at scala.meta.internal.metals.MetalsLanguageServer.codeAction(MetalsLanguageServer.scala:1554)
	... 15 more

Nov 06, 2021 5:04:38 PM org.eclipse.lsp4j.jsonrpc.RemoteEndpoint fallbackResponseError
SEVERE: Internal error: java.lang.reflect.InvocationTargetException
java.lang.RuntimeException: java.lang.reflect.InvocationTargetException
	at org.eclipse.lsp4j.jsonrpc.services.GenericEndpoint.lambda$null$0(GenericEndpoint.java:67)
	at org.eclipse.lsp4j.jsonrpc.services.GenericEndpoint.request(GenericEndpoint.java:120)
	at org.eclipse.lsp4j.jsonrpc.RemoteEndpoint.handleRequest(RemoteEndpoint.java:261)
	at org.eclipse.lsp4j.jsonrpc.RemoteEndpoint.consume(RemoteEndpoint.java:190)
	at org.eclipse.lsp4j.jsonrpc.json.StreamMessageProducer.handleMessage(StreamMessageProducer.java:194)
	at org.eclipse.lsp4j.jsonrpc.json.StreamMessageProducer.listen(StreamMessageProducer.java:94)
	at org.eclipse.lsp4j.jsonrpc.json.ConcurrentMessageProcessor.run(ConcurrentMessageProcessor.java:113)
	at java.base/java.util.concurrent.Executors$RunnableAdapter.call(Executors.java:515)
	at java.base/java.util.concurrent.FutureTask.run(FutureTask.java:264)
	at java.base/java.util.concurrent.ThreadPoolExecutor.runWorker(ThreadPoolExecutor.java:1130)
	at java.base/java.util.concurrent.ThreadPoolExecutor$Worker.run(ThreadPoolExecutor.java:630)
	at java.base/java.lang.Thread.run(Thread.java:832)
Caused by: java.lang.reflect.InvocationTargetException
	at jdk.internal.reflect.GeneratedMethodAccessor1.invoke(Unknown Source)
	at java.base/jdk.internal.reflect.DelegatingMethodAccessorImpl.invoke(DelegatingMethodAccessorImpl.java:43)
	at java.base/java.lang.reflect.Method.invoke(Method.java:564)
	at org.eclipse.lsp4j.jsonrpc.services.GenericEndpoint.lambda$null$0(GenericEndpoint.java:65)
	... 11 more
Caused by: java.lang.IllegalArgumentException: 21 is not a valid line number, allowed [0..19]
	at scala.meta.internal.inputs.InternalInput.lineToOffset(InternalInput.scala:37)
	at scala.meta.internal.inputs.InternalInput.lineToOffset$(InternalInput.scala:32)
	at scala.meta.inputs.Input$VirtualFile.lineToOffset(Input.scala:80)
	at scala.meta.inputs.Position$Range$.apply(Position.scala:59)
	at scala.meta.internal.mtags.MtagsEnrichments$XtensionPositionLspInverse.toMeta(MtagsEnrichments.scala:133)
	at scala.meta.internal.parsing.Trees.$anonfun$findLastEnclosingAt$4(Trees.scala:77)
	at scala.Option.flatMap(Option.scala:271)
	at scala.meta.internal.parsing.Trees.findLastEnclosingAt(Trees.scala:76)
	at scala.meta.internal.metals.codeactions.PatternMatchRefactor.contribute(PatternMatchRefactor.scala:96)
	at scala.meta.internal.metals.CodeActionProvider$$anonfun$1.applyOrElse(CodeActionProvider.scala:62)
	at scala.meta.internal.metals.CodeActionProvider$$anonfun$1.applyOrElse(CodeActionProvider.scala:61)
	at scala.collection.immutable.List.collect(List.scala:323)
	at scala.meta.internal.metals.CodeActionProvider.codeActions(CodeActionProvider.scala:61)
	at scala.meta.internal.metals.MetalsLanguageServer.$anonfun$codeAction$1(MetalsLanguageServer.scala:1555)
	at scala.meta.internal.metals.CancelTokens$.future(CancelTokens.scala:38)
	at scala.meta.internal.metals.MetalsLanguageServer.codeAction(MetalsLanguageServer.scala:1554)
	... 15 more

[0m2021.11.06 17:04:43 WARN  no build target for: /Users/mxn1020/Documents/VSCode/play-101/play-rest-api-101/app/controllers/ToDoListController.scala[0m
[0m2021.11.06 17:04:43 WARN  no build target for: /Users/mxn1020/Documents/VSCode/play-101/play-rest-api-101/app/controllers/ToDoListController.scala[0m
[0m2021.11.06 17:04:43 WARN  no build target for: /Users/mxn1020/Documents/VSCode/play-101/play-rest-api-101/app/controllers/ToDoListController.scala[0m
[0m2021.11.06 17:04:46 WARN  no build target for: /Users/mxn1020/Documents/VSCode/play-101/play-rest-api-101/app/controllers/ToDoListController.scala[0m
[0m2021.11.06 17:04:46 WARN  no build target for: /Users/mxn1020/Documents/VSCode/play-101/play-rest-api-101/app/controllers/ToDoListController.scala[0m
[0m2021.11.06 17:04:46 WARN  no build target for: /Users/mxn1020/Documents/VSCode/play-101/play-rest-api-101/app/controllers/ToDoListController.scala[0m
[0m2021.11.06 17:04:48 WARN  no build target for: /Users/mxn1020/Documents/VSCode/play-101/play-rest-api-101/app/controllers/ToDoListController.scala[0m
[0m2021.11.06 17:04:48 WARN  no build target for: /Users/mxn1020/Documents/VSCode/play-101/play-rest-api-101/app/controllers/ToDoListController.scala[0m
[0m2021.11.06 17:04:48 WARN  no build target for: /Users/mxn1020/Documents/VSCode/play-101/play-rest-api-101/app/controllers/ToDoListController.scala[0m
Nov 06, 2021 5:04:51 PM org.eclipse.lsp4j.jsonrpc.RemoteEndpoint fallbackResponseError
SEVERE: Internal error: java.lang.reflect.InvocationTargetException
java.lang.RuntimeException: java.lang.reflect.InvocationTargetException
	at org.eclipse.lsp4j.jsonrpc.services.GenericEndpoint.lambda$null$0(GenericEndpoint.java:67)
	at org.eclipse.lsp4j.jsonrpc.services.GenericEndpoint.request(GenericEndpoint.java:120)
	at org.eclipse.lsp4j.jsonrpc.RemoteEndpoint.handleRequest(RemoteEndpoint.java:261)
	at org.eclipse.lsp4j.jsonrpc.RemoteEndpoint.consume(RemoteEndpoint.java:190)
	at org.eclipse.lsp4j.jsonrpc.json.StreamMessageProducer.handleMessage(StreamMessageProducer.java:194)
	at org.eclipse.lsp4j.jsonrpc.json.StreamMessageProducer.listen(StreamMessageProducer.java:94)
	at org.eclipse.lsp4j.jsonrpc.json.ConcurrentMessageProcessor.run(ConcurrentMessageProcessor.java:113)
	at java.base/java.util.concurrent.Executors$RunnableAdapter.call(Executors.java:515)
	at java.base/java.util.concurrent.FutureTask.run(FutureTask.java:264)
	at java.base/java.util.concurrent.ThreadPoolExecutor.runWorker(ThreadPoolExecutor.java:1130)
	at java.base/java.util.concurrent.ThreadPoolExecutor$Worker.run(ThreadPoolExecutor.java:630)
	at java.base/java.lang.Thread.run(Thread.java:832)
Caused by: java.lang.reflect.InvocationTargetException
	at jdk.internal.reflect.GeneratedMethodAccessor1.invoke(Unknown Source)
	at java.base/jdk.internal.reflect.DelegatingMethodAccessorImpl.invoke(DelegatingMethodAccessorImpl.java:43)
	at java.base/java.lang.reflect.Method.invoke(Method.java:564)
	at org.eclipse.lsp4j.jsonrpc.services.GenericEndpoint.lambda$null$0(GenericEndpoint.java:65)
	... 11 more
Caused by: java.lang.IllegalArgumentException: 21 is not a valid line number, allowed [0..19]
	at scala.meta.internal.inputs.InternalInput.lineToOffset(InternalInput.scala:37)
	at scala.meta.internal.inputs.InternalInput.lineToOffset$(InternalInput.scala:32)
	at scala.meta.inputs.Input$VirtualFile.lineToOffset(Input.scala:80)
	at scala.meta.inputs.Position$Range$.apply(Position.scala:59)
	at scala.meta.internal.mtags.MtagsEnrichments$XtensionPositionLspInverse.toMeta(MtagsEnrichments.scala:133)
	at scala.meta.internal.parsing.Trees.$anonfun$findLastEnclosingAt$4(Trees.scala:77)
	at scala.Option.flatMap(Option.scala:271)
	at scala.meta.internal.parsing.Trees.findLastEnclosingAt(Trees.scala:76)
	at scala.meta.internal.metals.codeactions.PatternMatchRefactor.contribute(PatternMatchRefactor.scala:96)
	at scala.meta.internal.metals.CodeActionProvider$$anonfun$1.applyOrElse(CodeActionProvider.scala:62)
	at scala.meta.internal.metals.CodeActionProvider$$anonfun$1.applyOrElse(CodeActionProvider.scala:61)
	at scala.collection.immutable.List.collect(List.scala:323)
	at scala.meta.internal.metals.CodeActionProvider.codeActions(CodeActionProvider.scala:61)
	at scala.meta.internal.metals.MetalsLanguageServer.$anonfun$codeAction$1(MetalsLanguageServer.scala:1555)
	at scala.meta.internal.metals.CancelTokens$.future(CancelTokens.scala:38)
	at scala.meta.internal.metals.MetalsLanguageServer.codeAction(MetalsLanguageServer.scala:1554)
	... 15 more

[0m2021.11.06 17:04:53 WARN  no build target for: /Users/mxn1020/Documents/VSCode/play-101/play-rest-api-101/app/controllers/ToDoListController.scala[0m
[0m2021.11.06 17:04:53 WARN  no build target for: /Users/mxn1020/Documents/VSCode/play-101/play-rest-api-101/app/controllers/ToDoListController.scala[0m
[0m2021.11.06 17:05:31 WARN  no build target for: /Users/mxn1020/Documents/VSCode/play-101/play-rest-api-101/app/controllers/ToDoListController.scala[0m
[0m2021.11.06 17:05:31 WARN  no build target for: /Users/mxn1020/Documents/VSCode/play-101/play-rest-api-101/app/controllers/ToDoListController.scala[0m
[0m2021.11.06 17:05:31 WARN  no build target for: /Users/mxn1020/Documents/VSCode/play-101/play-rest-api-101/app/controllers/ToDoListController.scala[0m
[0m2021.11.06 17:05:32 WARN  no build target for: /Users/mxn1020/Documents/VSCode/play-101/play-rest-api-101/app/controllers/ToDoListController.scala[0m
[0m2021.11.06 17:05:32 WARN  no build target for: /Users/mxn1020/Documents/VSCode/play-101/play-rest-api-101/app/controllers/ToDoListController.scala[0m
[0m2021.11.06 17:05:32 WARN  no build target for: /Users/mxn1020/Documents/VSCode/play-101/play-rest-api-101/app/controllers/ToDoListController.scala[0m
[0m2021.11.06 17:05:33 WARN  no build target for: /Users/mxn1020/Documents/VSCode/play-101/play-rest-api-101/app/controllers/ToDoListController.scala[0m
[0m2021.11.06 17:05:43 WARN  no build target for: /Users/mxn1020/Documents/VSCode/play-101/play-rest-api-101/app/controllers/ToDoListController.scala[0m
[0m2021.11.06 17:05:43 WARN  no build target for: /Users/mxn1020/Documents/VSCode/play-101/play-rest-api-101/app/controllers/ToDoListController.scala[0m
[0m2021.11.06 17:05:43 WARN  no build target for: /Users/mxn1020/Documents/VSCode/play-101/play-rest-api-101/app/controllers/ToDoListController.scala[0m
[0m2021.11.06 17:05:58 WARN  no build target for: /Users/mxn1020/Documents/VSCode/play-101/play-rest-api-101/app/controllers/ToDoListController.scala[0m
[0m2021.11.06 17:05:58 WARN  no build target for: /Users/mxn1020/Documents/VSCode/play-101/play-rest-api-101/app/controllers/ToDoListController.scala[0m
[0m2021.11.06 17:05:58 WARN  no build target for: /Users/mxn1020/Documents/VSCode/play-101/play-rest-api-101/app/controllers/ToDoListController.scala[0m
[0m2021.11.06 17:06:52 WARN  no build target for: /Users/mxn1020/Documents/VSCode/play-101/play-rest-api-101/app/controllers/ToDoListController.scala[0m
[0m2021.11.06 17:06:52 WARN  no build target for: /Users/mxn1020/Documents/VSCode/play-101/play-rest-api-101/app/controllers/ToDoListController.scala[0m
[0m2021.11.06 17:07:03 WARN  no build target for: /Users/mxn1020/Documents/VSCode/play-101/play-rest-api-101/app/controllers/ToDoListController.scala[0m
[0m2021.11.06 17:07:03 WARN  no build target for: /Users/mxn1020/Documents/VSCode/play-101/play-rest-api-101/app/controllers/ToDoListController.scala[0m
[0m2021.11.06 17:07:05 WARN  no build target for: /Users/mxn1020/Documents/VSCode/play-101/play-rest-api-101/app/controllers/ToDoListController.scala[0m
[0m2021.11.06 17:07:05 WARN  no build target for: /Users/mxn1020/Documents/VSCode/play-101/play-rest-api-101/app/controllers/ToDoListController.scala[0m
[0m2021.11.06 17:07:07 WARN  no build target for: /Users/mxn1020/Documents/VSCode/play-101/play-rest-api-101/app/controllers/ToDoListController.scala[0m
[0m2021.11.06 17:07:07 WARN  no build target for: /Users/mxn1020/Documents/VSCode/play-101/play-rest-api-101/app/controllers/ToDoListController.scala[0m
[0m2021.11.06 17:07:07 WARN  no build target for: /Users/mxn1020/Documents/VSCode/play-101/play-rest-api-101/app/controllers/ToDoListController.scala[0m
[0m2021.11.06 17:07:36 WARN  no build target for: /Users/mxn1020/Documents/VSCode/play-101/play-rest-api-101/app/controllers/ToDoListController.scala[0m
[0m2021.11.06 17:07:36 WARN  no build target for: /Users/mxn1020/Documents/VSCode/play-101/play-rest-api-101/app/controllers/ToDoListController.scala[0m
[0m2021.11.06 17:07:36 WARN  no build target for: /Users/mxn1020/Documents/VSCode/play-101/play-rest-api-101/app/controllers/ToDoListController.scala[0m
[0m2021.11.06 17:07:38 WARN  no build target for: /Users/mxn1020/Documents/VSCode/play-101/play-rest-api-101/app/controllers/ToDoListController.scala[0m
[0m2021.11.06 17:07:38 WARN  no build target for: /Users/mxn1020/Documents/VSCode/play-101/play-rest-api-101/app/controllers/ToDoListController.scala[0m
[0m2021.11.06 17:12:22 WARN  no build target for: /Users/mxn1020/Documents/VSCode/play-101/play-rest-api-101/app/controllers/ToDoListController.scala[0m
[0m2021.11.06 17:12:22 WARN  no build target for: /Users/mxn1020/Documents/VSCode/play-101/play-rest-api-101/app/controllers/ToDoListController.scala[0m
[0m2021.11.06 17:12:22 WARN  no build target for: /Users/mxn1020/Documents/VSCode/play-101/play-rest-api-101/app/controllers/ToDoListController.scala[0m
[0m2021.11.06 17:12:22 WARN  no build target for: /Users/mxn1020/Documents/VSCode/play-101/play-rest-api-101/app/controllers/ToDoListController.scala[0m
[0m2021.11.06 17:12:23 WARN  no build target for: /Users/mxn1020/Documents/VSCode/play-101/play-rest-api-101/app/controllers/ToDoListController.scala[0m
[0m2021.11.06 17:12:23 WARN  no build target for: /Users/mxn1020/Documents/VSCode/play-101/play-rest-api-101/app/controllers/ToDoListController.scala[0m
[0m2021.11.06 17:12:23 WARN  no build target for: /Users/mxn1020/Documents/VSCode/play-101/play-rest-api-101/app/controllers/ToDoListController.scala[0m
[0m2021.11.06 17:12:24 WARN  no build target for: /Users/mxn1020/Documents/VSCode/play-101/play-rest-api-101/app/controllers/ToDoListController.scala[0m
[0m2021.11.06 17:12:24 WARN  no build target for: /Users/mxn1020/Documents/VSCode/play-101/play-rest-api-101/app/controllers/ToDoListController.scala[0m
[0m2021.11.06 17:12:24 WARN  no build target for: /Users/mxn1020/Documents/VSCode/play-101/play-rest-api-101/app/controllers/ToDoListController.scala[0m
[0m2021.11.06 17:12:24 WARN  no build target for: /Users/mxn1020/Documents/VSCode/play-101/play-rest-api-101/app/controllers/ToDoListController.scala[0m
[0m2021.11.06 17:12:27 WARN  no build target for: /Users/mxn1020/Documents/VSCode/play-101/play-rest-api-101/app/controllers/ToDoListController.scala[0m
[0m2021.11.06 17:12:27 WARN  no build target for: /Users/mxn1020/Documents/VSCode/play-101/play-rest-api-101/app/controllers/ToDoListController.scala[0m
[0m2021.11.06 17:12:29 WARN  no build target for: /Users/mxn1020/Documents/VSCode/play-101/play-rest-api-101/app/controllers/ToDoListController.scala[0m
[0m2021.11.06 17:12:29 WARN  no build target for: /Users/mxn1020/Documents/VSCode/play-101/play-rest-api-101/app/controllers/ToDoListController.scala[0m
[0m2021.11.06 17:13:44 WARN  no build target for: /Users/mxn1020/Documents/VSCode/play-101/play-rest-api-101/app/controllers/ToDoListController.scala[0m
[0m2021.11.06 17:13:44 WARN  no build target for: /Users/mxn1020/Documents/VSCode/play-101/play-rest-api-101/app/controllers/ToDoListController.scala[0m
[0m2021.11.06 17:13:44 WARN  no build target for: /Users/mxn1020/Documents/VSCode/play-101/play-rest-api-101/app/controllers/ToDoListController.scala[0m
[0m2021.11.06 17:14:32 WARN  no build target for: /Users/mxn1020/Documents/VSCode/play-101/play-rest-api-101/app/controllers/ToDoListController.scala[0m
[0m2021.11.06 17:14:32 WARN  no build target for: /Users/mxn1020/Documents/VSCode/play-101/play-rest-api-101/app/controllers/ToDoListController.scala[0m
[0m2021.11.06 17:14:32 WARN  no build target for: /Users/mxn1020/Documents/VSCode/play-101/play-rest-api-101/app/controllers/ToDoListController.scala[0m
Nov 06, 2021 5:15:13 PM org.eclipse.lsp4j.jsonrpc.RemoteEndpoint handleCancellation
WARNING: Unmatched cancel notification for request id 2085
Nov 06, 2021 5:19:42 PM org.eclipse.lsp4j.jsonrpc.RemoteEndpoint handleCancellation
WARNING: Unmatched cancel notification for request id 2100
[0m2021.11.06 17:19:59 WARN  no build target for: /Users/mxn1020/Documents/VSCode/play-101/play-rest-api-101/app/controllers/ToDoListController.scala[0m
[0m2021.11.06 17:20:17 WARN  no build target for: /Users/mxn1020/Documents/VSCode/play-101/play-rest-api-101/app/controllers/ToDoListController.scala[0m
[0m2021.11.06 17:20:17 WARN  no build target for: /Users/mxn1020/Documents/VSCode/play-101/play-rest-api-101/app/controllers/ToDoListController.scala[0m
[0m2021.11.06 17:20:18 WARN  no build target for: /Users/mxn1020/Documents/VSCode/play-101/play-rest-api-101/app/controllers/ToDoListController.scala[0m
[0m2021.11.06 17:20:19 WARN  no build target for: /Users/mxn1020/Documents/VSCode/play-101/play-rest-api-101/app/controllers/ToDoListController.scala[0m
[0m2021.11.06 17:20:19 WARN  no build target for: /Users/mxn1020/Documents/VSCode/play-101/play-rest-api-101/app/controllers/ToDoListController.scala[0m
[0m2021.11.06 17:20:21 WARN  no build target for: /Users/mxn1020/Documents/VSCode/play-101/play-rest-api-101/app/controllers/ToDoListController.scala[0m
[0m2021.11.06 17:20:21 WARN  no build target for: /Users/mxn1020/Documents/VSCode/play-101/play-rest-api-101/app/controllers/ToDoListController.scala[0m
[0m2021.11.06 17:22:20 WARN  no build target for: /Users/mxn1020/Documents/VSCode/play-101/play-rest-api-101/app/controllers/ToDoListController.scala[0m
[0m2021.11.06 17:22:20 WARN  no build target for: /Users/mxn1020/Documents/VSCode/play-101/play-rest-api-101/app/controllers/ToDoListController.scala[0m
[0m2021.11.06 17:22:20 WARN  no build target for: /Users/mxn1020/Documents/VSCode/play-101/play-rest-api-101/app/controllers/ToDoListController.scala[0m
[0m2021.11.06 17:22:20 WARN  no build target for: /Users/mxn1020/Documents/VSCode/play-101/play-rest-api-101/app/controllers/ToDoListController.scala[0m
Nov 06, 2021 5:22:22 PM org.eclipse.lsp4j.jsonrpc.RemoteEndpoint handleCancellation
WARNING: Unmatched cancel notification for request id 2225
Nov 06, 2021 5:22:23 PM org.eclipse.lsp4j.jsonrpc.RemoteEndpoint handleCancellation
WARNING: Unmatched cancel notification for request id 2230
[0m2021.11.06 17:22:24 WARN  no build target for: /Users/mxn1020/Documents/VSCode/play-101/play-rest-api-101/app/controllers/ToDoListController.scala[0m
[0m2021.11.06 17:22:24 WARN  no build target for: /Users/mxn1020/Documents/VSCode/play-101/play-rest-api-101/app/controllers/ToDoListController.scala[0m
[0m2021.11.06 17:22:24 WARN  no build target for: /Users/mxn1020/Documents/VSCode/play-101/play-rest-api-101/app/controllers/ToDoListController.scala[0m
Nov 06, 2021 5:22:26 PM org.eclipse.lsp4j.jsonrpc.RemoteEndpoint handleCancellation
WARNING: Unmatched cancel notification for request id 2237
Nov 06, 2021 5:22:53 PM org.eclipse.lsp4j.jsonrpc.RemoteEndpoint handleCancellation
WARNING: Unmatched cancel notification for request id 2248
[0m2021.11.06 17:22:53 WARN  no build target for: /Users/mxn1020/Documents/VSCode/play-101/play-rest-api-101/app/controllers/ToDoListController.scala[0m
[0m2021.11.06 17:22:53 WARN  no build target for: /Users/mxn1020/Documents/VSCode/play-101/play-rest-api-101/app/controllers/ToDoListController.scala[0m
Nov 06, 2021 5:22:56 PM org.eclipse.lsp4j.jsonrpc.RemoteEndpoint handleCancellation
WARNING: Unmatched cancel notification for request id 2257
[0m2021.11.06 17:22:57 WARN  no build target for: /Users/mxn1020/Documents/VSCode/play-101/play-rest-api-101/app/models/TodoListItem.scala[0m
[0m2021.11.06 17:22:57 WARN  no build target for: /Users/mxn1020/Documents/VSCode/play-101/play-rest-api-101/app/models/TodoListItem.scala[0m
[0m2021.11.06 17:22:57 WARN  no build target for: /Users/mxn1020/Documents/VSCode/play-101/play-rest-api-101/app/models/TodoListItem.scala[0m
[0m2021.11.06 17:22:57 WARN  no build target for: /Users/mxn1020/Documents/VSCode/play-101/play-rest-api-101/app/models/TodoListItem.scala[0m
Nov 06, 2021 5:22:59 PM org.eclipse.lsp4j.jsonrpc.RemoteEndpoint handleCancellation
WARNING: Unmatched cancel notification for request id 2264
[0m2021.11.06 17:22:59 WARN  no build target for: /Users/mxn1020/Documents/VSCode/play-101/play-rest-api-101/app/controllers/ToDoListController.scala[0m
[0m2021.11.06 17:25:31 WARN  no build target for: /Users/mxn1020/Documents/VSCode/play-101/play-rest-api-101/app/models/NewTodoListItem.scala[0m
Nov 06, 2021 5:25:36 PM org.eclipse.lsp4j.jsonrpc.RemoteEndpoint handleCancellation
WARNING: Unmatched cancel notification for request id 2281
Nov 06, 2021 5:25:38 PM org.eclipse.lsp4j.jsonrpc.RemoteEndpoint handleCancellation
WARNING: Unmatched cancel notification for request id 2287
[0m2021.11.06 17:25:49 WARN  no build target for: /Users/mxn1020/Documents/VSCode/play-101/play-rest-api-101/app/models/NewTodoListItem.scala[0m
[0m2021.11.06 17:25:52 WARN  no build target for: /Users/mxn1020/Documents/VSCode/play-101/play-rest-api-101/app/models/NewTodoListItem.scala[0m
Nov 06, 2021 5:25:53 PM org.eclipse.lsp4j.jsonrpc.RemoteEndpoint handleCancellation
WARNING: Unmatched cancel notification for request id 2342
Nov 06, 2021 5:25:56 PM org.eclipse.lsp4j.jsonrpc.RemoteEndpoint handleCancellation
WARNING: Unmatched cancel notification for request id 2351
[0m2021.11.06 17:25:59 WARN  no build target for: /Users/mxn1020/Documents/VSCode/play-101/play-rest-api-101/app/models/NewTodoListItem.scala[0m
[0m2021.11.06 17:25:59 WARN  no build target for: /Users/mxn1020/Documents/VSCode/play-101/play-rest-api-101/app/models/NewTodoListItem.scala[0m
[0m2021.11.06 17:25:59 WARN  no build target for: /Users/mxn1020/Documents/VSCode/play-101/play-rest-api-101/app/models/NewTodoListItem.scala[0m
[0m2021.11.06 17:26:00 WARN  no build target for: /Users/mxn1020/Documents/VSCode/play-101/play-rest-api-101/app/models/NewTodoListItem.scala[0m
Nov 06, 2021 5:26:00 PM org.eclipse.lsp4j.jsonrpc.RemoteEndpoint handleCancellation
WARNING: Unmatched cancel notification for request id 2367
[0m2021.11.06 17:26:00 WARN  no build target for: /Users/mxn1020/Documents/VSCode/play-101/play-rest-api-101/app/models/TodoListItem.scala[0m
[0m2021.11.06 17:26:01 WARN  no build target for: /Users/mxn1020/Documents/VSCode/play-101/play-rest-api-101/app/models/TodoListItem.scala[0m
[0m2021.11.06 17:26:01 WARN  no build target for: /Users/mxn1020/Documents/VSCode/play-101/play-rest-api-101/app/models/TodoListItem.scala[0m
[0m2021.11.06 17:26:01 WARN  no build target for: /Users/mxn1020/Documents/VSCode/play-101/play-rest-api-101/app/models/TodoListItem.scala[0m
Nov 06, 2021 5:26:02 PM org.eclipse.lsp4j.jsonrpc.RemoteEndpoint handleCancellation
WARNING: Unmatched cancel notification for request id 2375
[0m2021.11.06 17:26:05 WARN  no build target for: /Users/mxn1020/Documents/VSCode/play-101/play-rest-api-101/app/controllers/ToDoListController.scala[0m
[0m2021.11.06 17:26:10 WARN  no build target for: /Users/mxn1020/Documents/VSCode/play-101/play-rest-api-101/app/controllers/ToDoListController.scala[0m
[0m2021.11.06 17:26:10 WARN  no build target for: /Users/mxn1020/Documents/VSCode/play-101/play-rest-api-101/app/controllers/ToDoListController.scala[0m
[0m2021.11.06 17:26:12 WARN  no build target for: /Users/mxn1020/Documents/VSCode/play-101/play-rest-api-101/app/controllers/ToDoListController.scala[0m
[0m2021.11.06 17:26:12 WARN  no build target for: /Users/mxn1020/Documents/VSCode/play-101/play-rest-api-101/app/controllers/ToDoListController.scala[0m
[0m2021.11.06 17:26:13 WARN  no build target for: /Users/mxn1020/Documents/VSCode/play-101/play-rest-api-101/app/controllers/ToDoListController.scala[0m
Nov 06, 2021 5:26:16 PM org.eclipse.lsp4j.jsonrpc.RemoteEndpoint handleCancellation
WARNING: Unmatched cancel notification for request id 2424
Nov 06, 2021 5:26:34 PM org.eclipse.lsp4j.jsonrpc.RemoteEndpoint handleCancellation
WARNING: Unmatched cancel notification for request id 2429
[0m2021.11.06 17:26:56 WARN  no build target for: /Users/mxn1020/Documents/VSCode/play-101/play-rest-api-101/app/controllers/ToDoListController.scala[0m
[0m2021.11.06 17:26:56 WARN  no build target for: /Users/mxn1020/Documents/VSCode/play-101/play-rest-api-101/app/controllers/ToDoListController.scala[0m
[0m2021.11.06 17:26:58 WARN  no build target for: /Users/mxn1020/Documents/VSCode/play-101/play-rest-api-101/app/controllers/ToDoListController.scala[0m
[0m2021.11.06 17:26:58 WARN  no build target for: /Users/mxn1020/Documents/VSCode/play-101/play-rest-api-101/app/controllers/ToDoListController.scala[0m
[0m2021.11.06 17:27:44 WARN  no build target for: /Users/mxn1020/Documents/VSCode/play-101/play-rest-api-101/app/controllers/ToDoListController.scala[0m
[0m2021.11.06 17:27:55 WARN  no build target for: /Users/mxn1020/Documents/VSCode/play-101/play-rest-api-101/app/controllers/ToDoListController.scala[0m
[0m2021.11.06 17:27:55 WARN  no build target for: /Users/mxn1020/Documents/VSCode/play-101/play-rest-api-101/app/controllers/ToDoListController.scala[0m
[0m2021.11.06 17:28:41 WARN  no build target for: /Users/mxn1020/Documents/VSCode/play-101/play-rest-api-101/app/controllers/ToDoListController.scala[0m
[0m2021.11.06 17:28:41 WARN  no build target for: /Users/mxn1020/Documents/VSCode/play-101/play-rest-api-101/app/controllers/ToDoListController.scala[0m
[0m2021.11.06 17:28:42 WARN  no build target for: /Users/mxn1020/Documents/VSCode/play-101/play-rest-api-101/app/controllers/ToDoListController.scala[0m
[0m2021.11.06 17:28:42 WARN  no build target for: /Users/mxn1020/Documents/VSCode/play-101/play-rest-api-101/app/controllers/ToDoListController.scala[0m
[0m2021.11.06 17:28:44 WARN  no build target for: /Users/mxn1020/Documents/VSCode/play-101/play-rest-api-101/app/controllers/ToDoListController.scala[0m
[0m2021.11.06 17:28:44 WARN  no build target for: /Users/mxn1020/Documents/VSCode/play-101/play-rest-api-101/app/controllers/ToDoListController.scala[0m
[0m2021.11.06 17:28:44 WARN  no build target for: /Users/mxn1020/Documents/VSCode/play-101/play-rest-api-101/app/controllers/ToDoListController.scala[0m
[0m2021.11.06 17:28:45 WARN  no build target for: /Users/mxn1020/Documents/VSCode/play-101/play-rest-api-101/app/controllers/ToDoListController.scala[0m
[0m2021.11.06 17:28:46 WARN  no build target for: /Users/mxn1020/Documents/VSCode/play-101/play-rest-api-101/app/controllers/ToDoListController.scala[0m
[0m2021.11.06 17:28:46 WARN  no build target for: /Users/mxn1020/Documents/VSCode/play-101/play-rest-api-101/app/controllers/ToDoListController.scala[0m
[0m2021.11.06 17:32:55 WARN  no build target for: /Users/mxn1020/Documents/VSCode/play-101/play-rest-api-101/app/controllers/ToDoListController.scala[0m
[0m2021.11.06 17:32:55 WARN  no build target for: /Users/mxn1020/Documents/VSCode/play-101/play-rest-api-101/app/controllers/ToDoListController.scala[0m
[0m2021.11.06 17:32:55 WARN  no build target for: /Users/mxn1020/Documents/VSCode/play-101/play-rest-api-101/app/controllers/ToDoListController.scala[0m
[0m2021.11.06 17:32:56 WARN  no build target for: /Users/mxn1020/Documents/VSCode/play-101/play-rest-api-101/app/controllers/ToDoListController.scala[0m
[0m2021.11.06 17:32:56 WARN  no build target for: /Users/mxn1020/Documents/VSCode/play-101/play-rest-api-101/app/controllers/ToDoListController.scala[0m
[0m2021.11.06 17:32:57 WARN  no build target for: /Users/mxn1020/Documents/VSCode/play-101/play-rest-api-101/app/controllers/ToDoListController.scala[0m
[0m2021.11.06 17:33:00 WARN  no build target for: /Users/mxn1020/Documents/VSCode/play-101/play-rest-api-101/app/controllers/ToDoListController.scala[0m
[0m2021.11.06 17:33:03 WARN  no build target for: /Users/mxn1020/Documents/VSCode/play-101/play-rest-api-101/app/controllers/ToDoListController.scala[0m
[0m2021.11.06 17:33:03 WARN  no build target for: /Users/mxn1020/Documents/VSCode/play-101/play-rest-api-101/app/controllers/ToDoListController.scala[0m
[0m2021.11.06 17:33:03 WARN  no build target for: /Users/mxn1020/Documents/VSCode/play-101/play-rest-api-101/app/controllers/ToDoListController.scala[0m
[0m2021.11.06 17:34:18 WARN  no build target for: /Users/mxn1020/Documents/VSCode/play-101/play-rest-api-101/app/controllers/ToDoListController.scala[0m
[0m2021.11.06 17:34:18 WARN  no build target for: /Users/mxn1020/Documents/VSCode/play-101/play-rest-api-101/app/controllers/ToDoListController.scala[0m
[0m2021.11.06 17:34:18 WARN  no build target for: /Users/mxn1020/Documents/VSCode/play-101/play-rest-api-101/app/controllers/ToDoListController.scala[0m
[0m2021.11.06 17:34:18 WARN  no build target for: /Users/mxn1020/Documents/VSCode/play-101/play-rest-api-101/app/controllers/ToDoListController.scala[0m
[0m2021.11.06 17:34:30 WARN  no build target for: /Users/mxn1020/Documents/VSCode/play-101/play-rest-api-101/app/controllers/ToDoListController.scala[0m
[0m2021.11.06 17:34:30 WARN  no build target for: /Users/mxn1020/Documents/VSCode/play-101/play-rest-api-101/app/controllers/ToDoListController.scala[0m
[0m2021.11.06 17:34:30 WARN  no build target for: /Users/mxn1020/Documents/VSCode/play-101/play-rest-api-101/app/controllers/ToDoListController.scala[0m
[0m2021.11.06 17:34:31 WARN  no build target for: /Users/mxn1020/Documents/VSCode/play-101/play-rest-api-101/app/controllers/ToDoListController.scala[0m
[0m2021.11.06 17:35:37 WARN  no build target for: /Users/mxn1020/Documents/VSCode/play-101/play-rest-api-101/app/controllers/ToDoListController.scala[0m
[0m2021.11.06 17:38:45 WARN  no build target for: /Users/mxn1020/Documents/VSCode/play-101/play-rest-api-101/app/controllers/ToDoListController.scala[0m
[0m2021.11.06 17:38:45 WARN  no build target for: /Users/mxn1020/Documents/VSCode/play-101/play-rest-api-101/app/controllers/ToDoListController.scala[0m
[0m2021.11.06 17:38:45 WARN  no build target for: /Users/mxn1020/Documents/VSCode/play-101/play-rest-api-101/app/controllers/ToDoListController.scala[0m
[0m2021.11.06 17:38:46 WARN  no build target for: /Users/mxn1020/Documents/VSCode/play-101/play-rest-api-101/app/controllers/ToDoListController.scala[0m
[0m2021.11.06 17:38:46 WARN  no build target for: /Users/mxn1020/Documents/VSCode/play-101/play-rest-api-101/app/controllers/ToDoListController.scala[0m
[0m2021.11.06 17:39:20 WARN  no build target for: /Users/mxn1020/Documents/VSCode/play-101/play-rest-api-101/app/controllers/ToDoListController.scala[0m
[0m2021.11.06 17:39:20 WARN  no build target for: /Users/mxn1020/Documents/VSCode/play-101/play-rest-api-101/app/controllers/ToDoListController.scala[0m
[0m2021.11.06 17:39:25 WARN  no build target for: /Users/mxn1020/Documents/VSCode/play-101/play-rest-api-101/app/controllers/ToDoListController.scala[0m
[0m2021.11.06 17:39:25 WARN  no build target for: /Users/mxn1020/Documents/VSCode/play-101/play-rest-api-101/app/controllers/ToDoListController.scala[0m
[0m2021.11.06 17:39:26 WARN  no build target for: /Users/mxn1020/Documents/VSCode/play-101/play-rest-api-101/app/controllers/ToDoListController.scala[0m
[0m2021.11.06 17:39:26 WARN  no build target for: /Users/mxn1020/Documents/VSCode/play-101/play-rest-api-101/app/controllers/ToDoListController.scala[0m
[0m2021.11.06 17:39:43 WARN  no build target for: /Users/mxn1020/Documents/VSCode/play-101/play-rest-api-101/app/controllers/ToDoListController.scala[0m
[0m2021.11.06 17:39:43 WARN  no build target for: /Users/mxn1020/Documents/VSCode/play-101/play-rest-api-101/app/controllers/ToDoListController.scala[0m
[0m2021.11.06 17:39:43 WARN  no build target for: /Users/mxn1020/Documents/VSCode/play-101/play-rest-api-101/app/controllers/ToDoListController.scala[0m
[0m2021.11.06 17:47:13 WARN  no build target for: /Users/mxn1020/Documents/VSCode/play-101/play-rest-api-101/app/controllers/ToDoListController.scala[0m
[0m2021.11.06 17:47:13 WARN  no build target for: /Users/mxn1020/Documents/VSCode/play-101/play-rest-api-101/app/controllers/ToDoListController.scala[0m
[0m2021.11.06 17:47:13 WARN  no build target for: /Users/mxn1020/Documents/VSCode/play-101/play-rest-api-101/app/controllers/ToDoListController.scala[0m
[0m2021.11.06 17:47:14 WARN  no build target for: /Users/mxn1020/Documents/VSCode/play-101/play-rest-api-101/app/controllers/ToDoListController.scala[0m
[0m2021.11.06 17:47:14 WARN  no build target for: /Users/mxn1020/Documents/VSCode/play-101/play-rest-api-101/app/controllers/ToDoListController.scala[0m
[0m2021.11.06 17:47:14 WARN  no build target for: /Users/mxn1020/Documents/VSCode/play-101/play-rest-api-101/app/controllers/ToDoListController.scala[0m
[0m2021.11.06 17:48:32 WARN  no build target for: /Users/mxn1020/Documents/VSCode/play-101/play-rest-api-101/app/controllers/ToDoListController.scala[0m
[0m2021.11.06 17:48:32 WARN  no build target for: /Users/mxn1020/Documents/VSCode/play-101/play-rest-api-101/app/controllers/ToDoListController.scala[0m
[0m2021.11.06 17:48:32 WARN  no build target for: /Users/mxn1020/Documents/VSCode/play-101/play-rest-api-101/app/controllers/ToDoListController.scala[0m
[0m2021.11.06 17:48:34 WARN  no build target for: /Users/mxn1020/Documents/VSCode/play-101/play-rest-api-101/app/controllers/ToDoListController.scala[0m
[0m2021.11.06 17:48:34 WARN  no build target for: /Users/mxn1020/Documents/VSCode/play-101/play-rest-api-101/app/controllers/ToDoListController.scala[0m
[0m2021.11.06 17:53:06 WARN  no build target for: /Users/mxn1020/Documents/VSCode/play-101/play-rest-api-101/app/models/TodoListItem.scala[0m
[0m2021.11.06 17:53:06 WARN  no build target for: /Users/mxn1020/Documents/VSCode/play-101/play-rest-api-101/app/models/TodoListItem.scala[0m
Nov 06, 2021 5:53:07 PM org.eclipse.lsp4j.jsonrpc.RemoteEndpoint handleCancellation
WARNING: Unmatched cancel notification for request id 3894
Nov 06, 2021 5:53:20 PM org.eclipse.lsp4j.jsonrpc.RemoteEndpoint handleCancellation
WARNING: Unmatched cancel notification for request id 3905
[0m2021.11.06 17:53:20 WARN  no build target for: /Users/mxn1020/Documents/VSCode/play-101/play-rest-api-101/app/controllers/ToDoListController.scala[0m
[0m2021.11.06 17:53:20 WARN  no build target for: /Users/mxn1020/Documents/VSCode/play-101/play-rest-api-101/app/controllers/ToDoListController.scala[0m
[0m2021.11.06 17:53:24 WARN  no build target for: /Users/mxn1020/Documents/VSCode/play-101/play-rest-api-101/app/controllers/ToDoListController.scala[0m
[0m2021.11.06 17:53:24 WARN  no build target for: /Users/mxn1020/Documents/VSCode/play-101/play-rest-api-101/app/controllers/ToDoListController.scala[0m
[0m2021.11.06 17:54:19 WARN  no build target for: /Users/mxn1020/Documents/VSCode/play-101/play-rest-api-101/app/controllers/ToDoListController.scala[0m
[0m2021.11.06 17:54:19 WARN  no build target for: /Users/mxn1020/Documents/VSCode/play-101/play-rest-api-101/app/controllers/ToDoListController.scala[0m
[0m2021.11.06 17:56:31 WARN  no build target for: /Users/mxn1020/Documents/VSCode/play-101/play-rest-api-101/app/controllers/ToDoListController.scala[0m
[0m2021.11.06 17:56:31 WARN  no build target for: /Users/mxn1020/Documents/VSCode/play-101/play-rest-api-101/app/controllers/ToDoListController.scala[0m
[0m2021.11.06 17:56:31 WARN  no build target for: /Users/mxn1020/Documents/VSCode/play-101/play-rest-api-101/app/controllers/ToDoListController.scala[0m
[0m2021.11.06 17:56:33 WARN  no build target for: /Users/mxn1020/Documents/VSCode/play-101/play-rest-api-101/app/controllers/ToDoListController.scala[0m
[0m2021.11.06 17:56:33 WARN  no build target for: /Users/mxn1020/Documents/VSCode/play-101/play-rest-api-101/app/controllers/ToDoListController.scala[0m
[0m2021.11.06 17:56:34 WARN  no build target for: /Users/mxn1020/Documents/VSCode/play-101/play-rest-api-101/app/controllers/ToDoListController.scala[0m
[0m2021.11.06 17:56:34 WARN  no build target for: /Users/mxn1020/Documents/VSCode/play-101/play-rest-api-101/app/controllers/ToDoListController.scala[0m
[0m2021.11.06 17:56:34 WARN  no build target for: /Users/mxn1020/Documents/VSCode/play-101/play-rest-api-101/app/controllers/ToDoListController.scala[0m
[0m2021.11.06 17:56:36 WARN  no build target for: /Users/mxn1020/Documents/VSCode/play-101/play-rest-api-101/app/controllers/ToDoListController.scala[0m
[0m2021.11.06 17:56:36 WARN  no build target for: /Users/mxn1020/Documents/VSCode/play-101/play-rest-api-101/app/controllers/ToDoListController.scala[0m
[0m2021.11.06 17:56:36 WARN  no build target for: /Users/mxn1020/Documents/VSCode/play-101/play-rest-api-101/app/controllers/ToDoListController.scala[0m
[0m2021.11.06 17:58:53 WARN  no build target for: /Users/mxn1020/Documents/VSCode/play-101/play-rest-api-101/app/controllers/ToDoListController.scala[0m
[0m2021.11.06 17:58:53 WARN  no build target for: /Users/mxn1020/Documents/VSCode/play-101/play-rest-api-101/app/controllers/ToDoListController.scala[0m
[0m2021.11.06 17:58:53 WARN  no build target for: /Users/mxn1020/Documents/VSCode/play-101/play-rest-api-101/app/controllers/ToDoListController.scala[0m
[0m2021.11.06 17:58:55 WARN  no build target for: /Users/mxn1020/Documents/VSCode/play-101/play-rest-api-101/app/controllers/ToDoListController.scala[0m
[0m2021.11.06 17:58:55 WARN  no build target for: /Users/mxn1020/Documents/VSCode/play-101/play-rest-api-101/app/controllers/ToDoListController.scala[0m
[0m2021.11.06 17:58:56 WARN  no build target for: /Users/mxn1020/Documents/VSCode/play-101/play-rest-api-101/app/controllers/ToDoListController.scala[0m
[0m2021.11.06 17:58:56 WARN  no build target for: /Users/mxn1020/Documents/VSCode/play-101/play-rest-api-101/app/controllers/ToDoListController.scala[0m
[0m2021.11.06 17:58:58 WARN  no build target for: /Users/mxn1020/Documents/VSCode/play-101/play-rest-api-101/app/controllers/ToDoListController.scala[0m
[0m2021.11.06 17:58:58 WARN  no build target for: /Users/mxn1020/Documents/VSCode/play-101/play-rest-api-101/app/controllers/ToDoListController.scala[0m
[0m2021.11.06 17:59:00 WARN  no build target for: /Users/mxn1020/Documents/VSCode/play-101/play-rest-api-101/app/controllers/ToDoListController.scala[0m
[0m2021.11.06 17:59:00 WARN  no build target for: /Users/mxn1020/Documents/VSCode/play-101/play-rest-api-101/app/controllers/ToDoListController.scala[0m
[0m2021.11.06 17:59:01 WARN  no build target for: /Users/mxn1020/Documents/VSCode/play-101/play-rest-api-101/app/controllers/ToDoListController.scala[0m
[0m2021.11.06 17:59:02 WARN  no build target for: /Users/mxn1020/Documents/VSCode/play-101/play-rest-api-101/app/controllers/ToDoListController.scala[0m
[0m2021.11.06 17:59:03 WARN  no build target for: /Users/mxn1020/Documents/VSCode/play-101/play-rest-api-101/app/controllers/ToDoListController.scala[0m
[0m2021.11.06 17:59:03 WARN  no build target for: /Users/mxn1020/Documents/VSCode/play-101/play-rest-api-101/app/controllers/ToDoListController.scala[0m
[0m2021.11.06 17:59:05 WARN  no build target for: /Users/mxn1020/Documents/VSCode/play-101/play-rest-api-101/app/controllers/ToDoListController.scala[0m
[0m2021.11.06 17:59:05 WARN  no build target for: /Users/mxn1020/Documents/VSCode/play-101/play-rest-api-101/app/controllers/ToDoListController.scala[0m
